<?xml version="1.0" encoding="UTF-8"?>
<!-- Generated by org.testng.reporters.JUnitReportReporter -->
<testsuite skipped="0" hostname="LAPTOP-57NEQMEH" name="com.guru.qa.testcases.TC_LoginTest" tests="1" failures="0" timestamp="15 Apr 2020 05:38:59 GMT" time="0.487" errors="0">
  <testcase name="loginappl" time="0.487" classname="com.guru.qa.testcases.TC_LoginTest"/>
</testsuite> <!-- com.guru.qa.testcases.TC_LoginTest -->
