<?xml version="1.0" encoding="UTF-8"?>
<!-- Generated by org.testng.reporters.JUnitReportReporter -->
<testsuite skipped="0" hostname="LAPTOP-57NEQMEH" name="com.guru.qa.testcases.LoginTest" tests="1" failures="0" timestamp="14 Apr 2020 14:21:18 GMT" time="14.061" errors="0">
  <testcase name="loginapp" time="14.061" classname="com.guru.qa.testcases.LoginTest"/>
</testsuite> <!-- com.guru.qa.testcases.LoginTest -->
