<?xml version="1.0" encoding="UTF-8"?>
<!-- Generated by org.testng.reporters.JUnitReportReporter -->
<testsuite skipped="0" hostname="LAPTOP-57NEQMEH" name="com.guru.qa.utilities.LoginPage" tests="1" failures="0" timestamp="14 Apr 2020 12:58:32 GMT" time="13.540" errors="0">
  <testcase name="loginapp" time="13.540" classname="com.guru.qa.utilities.LoginPage"/>
</testsuite> <!-- com.guru.qa.utilities.LoginPage -->
